[4mInitializing[24m
Command-line options: [36m--verbose[39m

Reading "Gruntfile.js" Gruntfile...[32mOK[39m

[1mRegistering Gruntfile tasks.[22m

[1mRegistering "grunt-contrib-clean" local Npm module tasks.[22m
Reading c:\dev\gama\cabify-time3\node_modules\grunt-contrib-clean\package.json...[32mOK[39m
Parsing c:\dev\gama\cabify-time3\node_modules\grunt-contrib-clean\package.json...[32mOK[39m
Loading "clean.js" tasks...[32mOK[39m
+ [36mclean[39m

[1mRegistering "grunt-contrib-concat" local Npm module tasks.[22m
Reading c:\dev\gama\cabify-time3\node_modules\grunt-contrib-concat\package.json...[32mOK[39m
Parsing c:\dev\gama\cabify-time3\node_modules\grunt-contrib-concat\package.json...[32mOK[39m
Loading "concat.js" tasks...[32mOK[39m
+ [36mconcat[39m

[1mRegistering "grunt-contrib-copy" local Npm module tasks.[22m
Reading c:\dev\gama\cabify-time3\node_modules\grunt-contrib-copy\package.json...[32mOK[39m
Parsing c:\dev\gama\cabify-time3\node_modules\grunt-contrib-copy\package.json...[32mOK[39m
Loading "copy.js" tasks...[32mOK[39m
+ [36mcopy[39m

[1mRegistering "grunt-contrib-cssmin" local Npm module tasks.[22m
Reading c:\dev\gama\cabify-time3\node_modules\grunt-contrib-cssmin\package.json...[32mOK[39m
Parsing c:\dev\gama\cabify-time3\node_modules\grunt-contrib-cssmin\package.json...[32mOK[39m
Loading "cssmin.js" tasks...[32mOK[39m
+ [36mcssmin[39m

[1mRegistering "grunt-contrib-sass" local Npm module tasks.[22m
Reading c:\dev\gama\cabify-time3\node_modules\grunt-contrib-sass\package.json...[32mOK[39m
Parsing c:\dev\gama\cabify-time3\node_modules\grunt-contrib-sass\package.json...[32mOK[39m
Loading "sass.js" tasks...[32mOK[39m
+ [36msass[39m

[1mRegistering "grunt-contrib-uglify" local Npm module tasks.[22m
Reading c:\dev\gama\cabify-time3\node_modules\grunt-contrib-uglify\package.json...[32mOK[39m
Parsing c:\dev\gama\cabify-time3\node_modules\grunt-contrib-uglify\package.json...[32mOK[39m
Loading "uglify.js" tasks...[32mOK[39m
+ [36muglify[39m

[1mRegistering "grunt-contrib-watch" local Npm module tasks.[22m
Reading c:\dev\gama\cabify-time3\node_modules\grunt-contrib-watch\package.json...[32mOK[39m
Parsing c:\dev\gama\cabify-time3\node_modules\grunt-contrib-watch\package.json...[32mOK[39m
Loading "watch.js" tasks...[32mOK[39m
+ [36mwatch[39m

[1mRegistering "grunt-develop" local Npm module tasks.[22m
Reading c:\dev\gama\cabify-time3\node_modules\grunt-develop\package.json...[32mOK[39m
Parsing c:\dev\gama\cabify-time3\node_modules\grunt-develop\package.json...[32mOK[39m
Loading "develop.js" tasks...[32mOK[39m
+ [36mdevelop[39m

[1mRegistering "grunt-usemin" local Npm module tasks.[22m
Reading c:\dev\gama\cabify-time3\node_modules\grunt-usemin\package.json...[32mOK[39m
Parsing c:\dev\gama\cabify-time3\node_modules\grunt-usemin\package.json...[32mOK[39m
Loading "usemin.js" tasks...[32mOK[39m
+ [36musemin[39m, [36museminPrepare[39m

[1mRegistering "grunt-wiredep" local Npm module tasks.[22m
Reading c:\dev\gama\cabify-time3\node_modules\grunt-wiredep\package.json...[32mOK[39m
Parsing c:\dev\gama\cabify-time3\node_modules\grunt-wiredep\package.json...[32mOK[39m
Loading "wiredep.js" tasks...[32mOK[39m
+ [36mwiredep[39m
Reading package.json...[32mOK[39m
Parsing package.json...[32mOK[39m
Initializing config...[32mOK[39m
Verifying property [36mwatch.js.files[39m exists in config...[32mOK[39m
Loading "Gruntfile.js" tasks...[32mOK[39m
+ [36mdefault[39m, [36mdelayed-livereload[39m, [36mdeploy_assets[39m

Running tasks: [36mdeploy_assets[39m

[4mRunning "deploy_assets" task[24m

[4mRunning "clean" task[24m

[4mRunning "clean:task" (clean) task[24m
Verifying property [36mclean.task[39m exists in config...[32mOK[39m
Files: [36mwww/[39m
Options: [36mforce=false[39m, [36mno-write=false[39m
Cleaning www/...
[32m>> [39m1 path cleaned.

[4mRunning "copy" task[24m

[4mRunning "copy:task" (copy) task[24m
Verifying property [36mcopy.task[39m exists in config...[32mOK[39m
Files: [36mapp/views/error.handlebars[39m -> [36mwww/views/error.handlebars[39m
Files: [36mapp/views/index.handlebars[39m -> [36mwww/views/index.handlebars[39m
Files: [36mapp/views/layouts[39m -> [36mwww/views/layouts[39m
Files: [36mapp/views/layouts/main.handlebars[39m -> [36mwww/views/layouts/main.handlebars[39m
Files: [36mapp/views/partials[39m -> [36mwww/views/partials[39m
Files: [36mapp/views/partials/welcome.handlebars[39m -> [36mwww/views/partials/welcome.handlebars[39m
Options: [36mencoding="utf8"[39m, [36mprocessContent=false[39m, [36mprocessContentExclude=[][39m, [36mtimestamp=false[39m, [36mmode=false[39m
Copying app/views/error.handlebars -> www/views/error.handlebars
Reading app/views/error.handlebars...[32mOK[39m
Writing www/views/error.handlebars...[32mOK[39m
Copying app/views/index.handlebars -> www/views/index.handlebars
Reading app/views/index.handlebars...[32mOK[39m
Writing www/views/index.handlebars...[32mOK[39m
Creating www/views/layouts
Copying app/views/layouts/main.handlebars -> www/views/layouts/main.handlebars
Reading app/views/layouts/main.handlebars...[32mOK[39m
Writing www/views/layouts/main.handlebars...[32mOK[39m
Creating www/views/partials
Copying app/views/partials/welcome.handlebars -> www/views/partials/welcome.handlebars
Reading app/views/partials/welcome.handlebars...[32mOK[39m
Writing www/views/partials/welcome.handlebars...[32mOK[39m
Created 2 directories, copied 4 files

[4mRunning "useminPrepare" task[24m

[4mRunning "useminPrepare:html" (useminPrepare) task[24m
Verifying property [36museminPrepare.html[39m exists in config...[32mOK[39m
Files: [36mwww/views/layouts/main.handlebars[39m -> [36mhtml[39m
Options: [36mroot="www/views"[39m, [36mdest="www/views"[39m
Going through [36mwww/views/layouts/main.handlebars[39m to update the config
Looking for build script HTML comment blocks

[1mConfiguration is now:[22m

[1m  concat:[22m
  { generated: 
   { files: 
      [ { dest: [32m'.tmp\\concat\\assets\\css\\style.concat.min.css'[39m,
          src: 
           [ [32m'app\\assets\\components\\materialize\\bin\\materialize.css'[39m,
             [32m'app\\assets\\output-css\\style.css'[39m ] },
        { dest: [32m'.tmp\\concat\\assets\\js\\scripts.concat.min.js'[39m,
          src: 
           [ [32m'app\\assets\\components\\jquery\\dist\\jquery.js'[39m,
             [32m'app\\assets\\components\\materialize\\bin\\materialize.js'[39m ] } ] } }

[1m  uglify:[22m
  { generated: 
   { files: 
      [ { dest: [32m'www\\views\\assets\\js\\scripts.concat.min.js'[39m,
          src: [ [32m'.tmp\\concat\\assets\\js\\scripts.concat.min.js'[39m ] } ] } }

[1m  cssmin:[22m
  { generated: 
   { files: 
      [ { dest: [32m'www\\views\\assets\\css\\style.concat.min.css'[39m,
          src: [ [32m'.tmp\\concat\\assets\\css\\style.concat.min.css'[39m ] } ] } }

[4mRunning "concat" task[24m

[4mRunning "concat:generated" (concat) task[24m
Verifying property [36mconcat.generated[39m exists in config...[32mOK[39m
Files: [36mapp/assets/components/materialize/bin/materialize.css[39m, [36mapp/assets/output-css/style.css[39m -> [36m.tmp\concat\assets\css\style.concat.min.css[39m
Files: [36mapp/assets/components/jquery/dist/jquery.js[39m, [36mapp/assets/components/materialize/bin/materialize.js[39m -> [36m.tmp\concat\assets\js\scripts.concat.min.js[39m
Options: [36mseparator="\r\n"[39m, [36mbanner=""[39m, [36mfooter=""[39m, [36mstripBanners=false[39m, [36mprocess=false[39m, [36msourceMap=false[39m, [36msourceMapName=undefined[39m, [36msourceMapStyle="embed"[39m
Reading app/assets/components/materialize/bin/materialize.css...[32mOK[39m
Reading app/assets/output-css/style.css...[32mOK[39m
Writing .tmp\concat\assets\css\style.concat.min.css...[32mOK[39m
File .tmp\concat\assets\css\style.concat.min.css created.Reading app/assets/components/jquery/dist/jquery.js...[32mOK[39m
Reading app/assets/components/materialize/bin/materialize.js...[32mOK[39m
Writing .tmp\concat\assets\js\scripts.concat.min.js...[32mOK[39m
File .tmp\concat\assets\js\scripts.concat.min.js created.
[4mRunning "uglify" task[24m

[4mRunning "uglify:generated" (uglify) task[24m
Verifying property [36muglify.generated[39m exists in config...[32mOK[39m
Files: [36m.tmp/concat/assets/js/scripts.concat.min.js[39m -> [36mwww\views\assets\js\scripts.concat.min.js[39m
Options: [36mbanner=""[39m, [36mfooter=""[39m, [36mcompress={"warnings":false}[39m, [36mmangle={}[39m, [36mbeautify=false[39m, [36mreport="min"[39m, [36mexpression=false[39m, [36mmaxLineLen=32000[39m, [36mASCIIOnly=false[39m, [36mscrewIE8[39m, [36mquoteStyle=0[39m
Minifying with UglifyJS...Reading .tmp/concat/assets/js/scripts.concat.min.js...[32mOK[39m
[32mOK[39m
Writing www\views\assets\js\scripts.concat.min.js...[32mOK[39m
File www\views\assets\js\scripts.concat.min.js created: 412.08 kB → 225.05 kB
[32m>> [39m1 file created.

[4mRunning "cssmin" task[24m

[4mRunning "cssmin:generated" (cssmin) task[24m
Verifying property [36mcssmin.generated[39m exists in config...[32mOK[39m
Files: [36m.tmp/concat/assets/css/style.concat.min.css[39m -> [36mwww\views\assets\css\style.concat.min.css[39m
Options: [36mrebase=false[39m, [36mreport="min"[39m, [36msourceMap=false[39m
Reading .tmp/concat/assets/css/style.concat.min.css...[32mOK[39m
Writing www\views\assets\css\style.concat.min.css...[32mOK[39m
File www\views\assets\css\style.concat.min.css created 162.86 kB → 110.11 kB
[32m>> [39m1 file created. 162.86 kB → 110.11 kB

[4mRunning "usemin" task[24m

[4mRunning "usemin:html" (usemin) task[24m
Verifying property [36musemin.html[39m exists in config...[32mOK[39m
Files: [36mwww/views/layouts/main.handlebars[39m -> [36mhtml[39m
Options: [36mtype="html"[39m
Processing as HTML - www/views/layouts/main.handlebars
Update the HTML to reference our concat/min/revved script files
Update the HTML with the new css filenames
Update the HTML with the new img filenames
Update the HTML with the new video filenames
Update the HTML with the new poster filenames
Update the HTML with the new source filenames
Update the HTML with data-main tags
Update the HTML with data-* tags
Update the HTML with background imgs, case there is some inline style
Update the HTML with anchors images
Update the HTML with reference in input
Update the HTML with the new img filenames in meta tags
Update the HTML with the new object filenames
Update the HTML with the new image filenames for svg xlink:href links
Update the HTML with the new image filenames for src links
Update the HTML with the new image filenames for srcset links
Update the HTML within the <use> tag when referencing an external url with svg sprites as in svg4everybody
Writing www/views/layouts/main.handlebars...[32mOK[39m
Replaced 1 reference to assets

[32mDone, without errors.[39m


Execution Time (2016-09-18 04:15:10 UTC-3)
loading tasks       586ms  ███████ 16%
clean:task           17ms  0%
copy:task            19ms  █ 1%
useminPrepare:html   24ms  █ 1%
concat:generated     10ms  0%
uglify:generated     2.5s  █████████████████████████████ 68%
cssmin:generated    521ms  ██████ 14%
usemin:html          10ms  0%
Total 3.7s

